#
# An unexpected error has occurred (11)
#
Stack:
/opt/Xilinx/Vivado/2018.2/tps/lnx64/jre/lib/amd64/server/libjvm.so(+0x923da9) [0x7f7aa1a53da9]
/opt/Xilinx/Vivado/2018.2/tps/lnx64/jre/lib/amd64/server/libjvm.so(JVM_handle_linux_signal+0xb6) [0x7f7aa1a5a3f6]
/opt/Xilinx/Vivado/2018.2/tps/lnx64/jre/lib/amd64/server/libjvm.so(+0x9209d3) [0x7f7aa1a509d3]
/lib/x86_64-linux-gnu/libc.so.6(+0x3ef20) [0x7f7ae036ff20]
/opt/Xilinx/Vivado/2018.2/tps/lnx64/jre/lib/amd64/server/libjvm.so(+0x5d849b) [0x7f7aa170849b]
/opt/Xilinx/Vivado/2018.2/tps/lnx64/jre/lib/amd64/server/libjvm.so(+0x98f6e8) [0x7f7aa1abf6e8]
/opt/Xilinx/Vivado/2018.2/tps/lnx64/jre/lib/amd64/server/libjvm.so(+0x990d61) [0x7f7aa1ac0d61]
/opt/Xilinx/Vivado/2018.2/tps/lnx64/jre/lib/amd64/server/libjvm.so(+0x947ac0) [0x7f7aa1a77ac0]
/opt/Xilinx/Vivado/2018.2/tps/lnx64/jre/lib/amd64/server/libjvm.so(+0xac8997) [0x7f7aa1bf8997]
/opt/Xilinx/Vivado/2018.2/tps/lnx64/jre/lib/amd64/server/libjvm.so(+0xad0475) [0x7f7aa1c00475]
/opt/Xilinx/Vivado/2018.2/tps/lnx64/jre/lib/amd64/server/libjvm.so(+0xace84a) [0x7f7aa1bfe84a]
/opt/Xilinx/Vivado/2018.2/tps/lnx64/jre/lib/amd64/server/libjvm.so(+0xacebce) [0x7f7aa1bfebce]
/opt/Xilinx/Vivado/2018.2/tps/lnx64/jre/lib/amd64/server/libjvm.so(+0xacf040) [0x7f7aa1bff040]
/opt/Xilinx/Vivado/2018.2/tps/lnx64/jre/lib/amd64/server/libjvm.so(+0x926138) [0x7f7aa1a56138]
/lib/x86_64-linux-gnu/libpthread.so.0(+0x76db) [0x7f7ae01196db]
/lib/x86_64-linux-gnu/libc.so.6(clone+0x3f) [0x7f7ae045288f]
